<?xml version="1.0" encoding="UTF-8" ?>
<testsuite errors="0" failures="0" hostname="DESKTOP-HN7TUS6" name="MantelTest" skipped="0" tests="1" time="0.066" timestamp="2018-06-01T08:59:31">
  <properties>
[...]
</properties>
  <testcase classname="MantelTest" name="testMantelCooling" time="0.008" />
  <system-out><![CDATA[Cell Thickness 22395.379
Cell Height 9088.148
Mantel After Cooling 1199.9967
]]></system-out>
  <system-err><![CDATA[Jun 01, 2018 2:59:30 AM worlds.planet.Planet <init>
INFO: New Planet
Jun 01, 2018 2:59:30 AM engine.surface.SurfaceMap buildMap
INFO: Setting up map
Jun 01, 2018 2:59:30 AM engine.surface.SurfaceMap logMapSetup
INFO: Cells created: 50% finished
Jun 01, 2018 2:59:30 AM engine.surface.SurfaceMap logMapSetup
INFO: Cells created: 100% finished
]]></system-err>
</testsuite>
