<?xml version="1.0" encoding="UTF-8" ?>
<testsuite errors="0" failures="0" hostname="Vector" name="GeoCellTest" skipped="0" tests="5" time="0.047" timestamp="2016-04-25T14:16:06">
  <properties>
[...]
</properties>
  <testcase classname="GeoCellTest" name="zeroDensityTest" time="0.001" />
  <testcase classname="GeoCellTest" name="oceanTest" time="0.0" />
  <testcase classname="GeoCellTest" name="moltenLavaTest" time="0.0" />
  <testcase classname="GeoCellTest" name="zeroGeoDensityTest" time="0.001" />
  <testcase classname="GeoCellTest" name="calculateDensityTest" time="0.001" />
  <system-out><![CDATA[]]></system-out>
  <system-err><![CDATA[Apr 25, 2016 8:16:06 AM planet.surface.generics.SurfaceMap setupMap
INFO: Setting up map
]]></system-err>
</testsuite>
